<?xml version="1.0" encoding="UTF-8"?>
<!-- Generated by org.testng.reporters.JUnitReportReporter -->
<testsuite skipped="0" hostname="LAPTOP-IIRF7F8F" name="com.nopcommerce.testCases.TC_SearchCustomerByEmail_004" tests="2" failures="0" timestamp="2020-10-31T01:06:34 EDT" time="25.148" errors="0">
  <testcase name="searchCustomerbyEmail" time="15.999" classname="com.nopcommerce.testCases.TC_SearchCustomerByEmail_004"/>
  <system-out/>
  <testcase name="searchCustomerbyEmail" time="9.149" classname="com.nopcommerce.testCases.TC_SearchCustomerByEmail_004"/>
  <system-out/>
</testsuite> <!-- com.nopcommerce.testCases.TC_SearchCustomerByEmail_004 -->
