<?xml version="1.0" encoding="UTF-8"?>
<!-- Generated by org.testng.reporters.JUnitReportReporter -->
<testsuite skipped="0" hostname="LAPTOP-IIRF7F8F" name="com.nopcommerce.testCases.TC_LoginTest_001" tests="3" failures="0" timestamp="2020-10-31T01:06:34 EDT" time="25.827" errors="0">
  <testcase name="loginTest" time="8.594" classname="com.nopcommerce.testCases.TC_LoginTest_001"/>
  <system-out/>
  <testcase name="loginTest" time="6.973" classname="com.nopcommerce.testCases.TC_LoginTest_001"/>
  <system-out/>
  <testcase name="loginTest" time="10.260" classname="com.nopcommerce.testCases.TC_LoginTest_001"/>
  <system-out/>
</testsuite> <!-- com.nopcommerce.testCases.TC_LoginTest_001 -->
