<?xml version="1.0" encoding="UTF-8"?>
<!-- Generated by org.testng.reporters.JUnitReportReporter -->
<testsuite skipped="0" hostname="LAPTOP-IIRF7F8F" name="com.nopcommerce.testCases.TC_AddCustomerTest_003" tests="3" failures="0" timestamp="2020-10-31T01:06:34 EDT" time="99.814" errors="0">
  <testcase name="addNewCustomer" time="32.730" classname="com.nopcommerce.testCases.TC_AddCustomerTest_003"/>
  <system-out/>
  <testcase name="addNewCustomer" time="32.091" classname="com.nopcommerce.testCases.TC_AddCustomerTest_003"/>
  <system-out/>
  <testcase name="addNewCustomer" time="34.993" classname="com.nopcommerce.testCases.TC_AddCustomerTest_003"/>
  <system-out/>
</testsuite> <!-- com.nopcommerce.testCases.TC_AddCustomerTest_003 -->
