<?xml version="1.0" encoding="UTF-8"?>
<!-- Generated by org.testng.reporters.JUnitReportReporter -->
<testsuite skipped="0" hostname="LAPTOP-IIRF7F8F" name="com.nopcommerce.testCases.TC_SearchCustomerByName_005" tests="2" failures="0" timestamp="2020-10-31T01:06:34 EDT" time="30.314" errors="0">
  <testcase name="searchCustomerbyName" time="9.419" classname="com.nopcommerce.testCases.TC_SearchCustomerByName_005"/>
  <system-out/>
  <testcase name="searchCustomerbyName" time="20.895" classname="com.nopcommerce.testCases.TC_SearchCustomerByName_005"/>
  <system-out/>
</testsuite> <!-- com.nopcommerce.testCases.TC_SearchCustomerByName_005 -->
