<?xml version="1.0" encoding="UTF-8"?>
<!-- Generated by org.testng.reporters.JUnitReportReporter -->
<testsuite skipped="0" hostname="LAPTOP-IIRF7F8F" name="com.nopcommerce.testCases.TC_LoginDDT_002" tests="4" failures="0" timestamp="2020-10-31T01:06:34 EDT" time="18.364" errors="0">
  <testcase name="loginTest" time="1.229" classname="com.nopcommerce.testCases.TC_LoginDDT_002"/>
  <system-out/>
  <testcase name="loginTest" time="1.638" classname="com.nopcommerce.testCases.TC_LoginDDT_002"/>
  <system-out/>
  <testcase name="loginTest" time="14.309" classname="com.nopcommerce.testCases.TC_LoginDDT_002"/>
  <system-out/>
  <testcase name="loginTest" time="1.188" classname="com.nopcommerce.testCases.TC_LoginDDT_002"/>
  <system-out/>
</testsuite> <!-- com.nopcommerce.testCases.TC_LoginDDT_002 -->
